2025-01-22 09:15:20,280 [root] INFO: This is an info message.
2025-01-22 09:15:20,281 [root] WARNING: This is a warning message.
2025-01-22 09:15:26,220 [root] INFO: test 123
2025-01-22 09:15:28,237 [root] INFO: Connected to robot: 192.168.0.1 on attempt 1
2025-01-22 09:15:28,248 [root] INFO: tcp pos: [-0.6639032132781981, -0.08492392142968785, 0.5297377985594034, -2.1949683620100298, -2.220599426483287, -0.0039200702641963205]
2025-01-22 09:22:14,507 [root] INFO: This is an info message.
2025-01-22 09:22:14,508 [root] WARNING: This is a warning message.
2025-01-22 09:22:17,630 [root] INFO: test 123
2025-01-22 09:22:19,530 [root] INFO: Connected to robot: 192.168.0.1 on attempt 1
2025-01-22 09:22:19,531 [root] INFO: tcp pos: [-0.6639018396606591, -0.08493838257764816, 0.5297436227400141, -2.195003742720136, -2.2206320407713562, -0.0038829667588849703]
2025-01-22 09:24:20,943 [root] INFO: This is an info message.
2025-01-22 09:24:20,944 [root] WARNING: This is a warning message.
2025-01-22 09:24:23,766 [root] INFO: test 123
2025-01-22 09:24:25,747 [root] INFO: Connected to robot: 192.168.0.1 on attempt 1
2025-01-22 09:24:25,748 [root] INFO: tcp pos: [-0.6638963532754507, -0.0849583216834656, 0.529730826392733, -2.1949298070404617, -2.22066012815301, -0.003927595369223562]
2025-01-22 09:24:26,511 [root] INFO: Starting display thread...
2025-01-22 09:29:14,744 [root] INFO: This is an info message.
2025-01-22 09:29:14,745 [root] WARNING: This is a warning message.
2025-01-22 09:29:15,073 [root] ERROR: Attempt 1 failed: One of the RTDE input registers are already in use! Currently you must disable the EtherNet/IP adapter, PROFINET or any MODBUS unit configured on the robot. This might change in the future.
2025-01-22 09:29:16,378 [root] ERROR: Attempt 2 failed: One of the RTDE input registers are already in use! Currently you must disable the EtherNet/IP adapter, PROFINET or any MODBUS unit configured on the robot. This might change in the future.
2025-01-22 09:29:16,984 [root] ERROR: Attempt 3 failed: One of the RTDE input registers are already in use! Currently you must disable the EtherNet/IP adapter, PROFINET or any MODBUS unit configured on the robot. This might change in the future.
2025-01-22 09:29:17,592 [root] ERROR: Attempt 4 failed: One of the RTDE input registers are already in use! Currently you must disable the EtherNet/IP adapter, PROFINET or any MODBUS unit configured on the robot. This might change in the future.
2025-01-22 09:29:18,194 [root] ERROR: Attempt 5 failed: One of the RTDE input registers are already in use! Currently you must disable the EtherNet/IP adapter, PROFINET or any MODBUS unit configured on the robot. This might change in the future.
2025-01-22 09:29:18,802 [root] ERROR: Attempt 6 failed: One of the RTDE input registers are already in use! Currently you must disable the EtherNet/IP adapter, PROFINET or any MODBUS unit configured on the robot. This might change in the future.
2025-01-22 09:29:19,408 [root] ERROR: Attempt 7 failed: One of the RTDE input registers are already in use! Currently you must disable the EtherNet/IP adapter, PROFINET or any MODBUS unit configured on the robot. This might change in the future.
2025-01-22 09:29:20,016 [root] ERROR: Attempt 8 failed: One of the RTDE input registers are already in use! Currently you must disable the EtherNet/IP adapter, PROFINET or any MODBUS unit configured on the robot. This might change in the future.
2025-01-22 09:29:20,623 [root] ERROR: Attempt 9 failed: One of the RTDE input registers are already in use! Currently you must disable the EtherNet/IP adapter, PROFINET or any MODBUS unit configured on the robot. This might change in the future.
2025-01-22 09:29:21,227 [root] ERROR: Attempt 10 failed: One of the RTDE input registers are already in use! Currently you must disable the EtherNet/IP adapter, PROFINET or any MODBUS unit configured on the robot. This might change in the future.
2025-01-22 09:29:21,228 [root] ERROR: Max retries reached. Unable to connect to the robot.
2025-01-22 10:22:15,466 [root] INFO: This is an info message.
2025-01-22 10:22:15,467 [root] WARNING: This is a warning message.
2025-01-22 10:22:19,106 [root] INFO: test 123
2025-01-22 10:22:27,529 [root] ERROR: Attempt 1 failed: ur_rtde: Failed to start control script, before timeout of 5 seconds
2025-01-22 10:25:23,760 [root] INFO: This is an info message.
2025-01-22 10:25:23,761 [root] WARNING: This is a warning message.
2025-01-22 10:25:26,455 [root] INFO: test 123
2025-01-22 10:25:26,558 [root] ERROR: Attempt 1 failed: ur_rtde: Please enable remote control on the robot!
2025-01-22 10:25:27,087 [root] ERROR: Attempt 2 failed: ur_rtde: Please enable remote control on the robot!
2025-01-22 10:25:27,607 [root] ERROR: Attempt 3 failed: ur_rtde: Please enable remote control on the robot!
2025-01-22 10:25:28,126 [root] ERROR: Attempt 4 failed: ur_rtde: Please enable remote control on the robot!
2025-01-22 10:25:28,648 [root] ERROR: Attempt 5 failed: ur_rtde: Please enable remote control on the robot!
2025-01-22 10:25:29,168 [root] ERROR: Attempt 6 failed: ur_rtde: Please enable remote control on the robot!
2025-01-22 10:25:29,689 [root] ERROR: Attempt 7 failed: ur_rtde: Please enable remote control on the robot!
2025-01-22 10:25:30,224 [root] ERROR: Attempt 8 failed: ur_rtde: Please enable remote control on the robot!
2025-01-22 10:25:51,043 [root] INFO: This is an info message.
2025-01-22 10:25:51,043 [root] WARNING: This is a warning message.
2025-01-22 10:25:53,741 [root] INFO: test 123
2025-01-22 10:25:55,320 [root] INFO: Connected to robot: 192.168.0.1 on attempt 1
2025-01-22 10:25:55,321 [root] INFO: tcp pos: [-0.6638828977058641, -0.18093349602336894, 0.5228101213190357, -2.190155375806535, -2.2342835173507223, -0.014977975953427555]
2025-01-22 10:25:55,885 [root] INFO: Starting display thread...
2025-01-22 10:25:59,673 [root] INFO: move to packing mode
2025-01-22 10:25:59,682 [root] INFO: [-0.6727199774099393, -0.08858598971263593, 0.5242738640322172, -2.1901809928958738, -2.2342849767313737, -0.01502662240134175]
2025-01-22 10:29:09,117 [root] INFO: start/resume button pressed
2025-01-22 10:29:09,118 [root] INFO: start new machine thread!
2025-01-22 10:29:09,119 [root] INFO: Starting Boxing Machine...
2025-01-22 10:29:09,119 [root] INFO: In main loop
2025-01-22 10:29:09,119 [root] INFO: move to normal working mode
2025-01-22 10:29:12,235 [root] INFO: Pausing operations...
2025-01-22 10:29:16,232 [root] INFO: Detected object: horizontal with confidence 0.4372941255569458 at position 1
2025-01-22 10:29:17,648 [root] INFO: Detected object: horizontal with confidence 0.6298555731773376 at position 2
2025-01-22 10:29:17,648 [root] INFO: Detected object: horizontal with confidence 0.42771947383880615 at position 2
2025-01-22 10:29:17,651 [root] INFO: Orientation detection complete: {'box_0': 'horizontal', 'box_1': 'horizontal'}
2025-01-22 10:29:17,652 [root] INFO: box orientations: {'box_0': 'horizontal', 'box_1': 'horizontal'}
2025-01-22 10:29:19,978 [root] INFO: start capturing frames
2025-01-22 10:29:19,978 [root] INFO: Waiting if paused...
2025-01-22 10:29:34,269 [root] INFO: start/resume button pressed
2025-01-22 10:29:34,271 [root] INFO: start new machine thread!
2025-01-22 10:29:34,272 [root] INFO: Starting Boxing Machine...
2025-01-22 10:29:34,272 [root] INFO: In main loop
2025-01-22 10:29:34,273 [root] INFO: move to normal working mode
2025-01-22 10:29:36,084 [root] INFO: Detected object: vertical with confidence 0.7013815641403198 at position 1
2025-01-22 10:29:36,627 [root] INFO: Pausing operations...
2025-01-22 10:29:37,510 [root] INFO: Detected object: horizontal with confidence 0.5063986778259277 at position 2
2025-01-22 10:29:37,511 [root] INFO: Detected object: horizontal with confidence 0.28111228346824646 at position 2
2025-01-22 10:29:37,512 [root] INFO: Orientation detection complete: {'box_0': 'vertical', 'box_1': 'horizontal'}
2025-01-22 10:29:37,512 [root] INFO: box orientations: {'box_0': 'vertical', 'box_1': 'horizontal'}
2025-01-22 10:29:39,834 [root] INFO: start capturing frames
2025-01-22 10:29:39,834 [root] INFO: Waiting if paused...
2025-01-22 10:29:39,834 [root] INFO: interface stopped, stop main loop
2025-01-22 10:29:39,834 [root] INFO: camera position: stop main loop
2025-01-22 10:29:39,834 [root] INFO: Packing in Box 1 at center (-0.215, 0.5337999999999999, 0.0)
2025-01-22 10:29:39,835 [root] INFO: Total z parts: 14
2025-01-22 10:29:39,835 [root] INFO: no z pos ofsset defined
2025-01-22 10:29:39,835 [root] INFO: Packing in Box 2 at center [0.22, 0.5257999999999999, 0.0]
2025-01-22 10:29:39,835 [root] INFO: Total z parts: 14
2025-01-22 10:29:39,835 [root] INFO: no z pos ofsset defined
2025-01-22 10:29:39,836 [root] INFO: Stopping main loop due to stop signal.
2025-01-22 10:31:10,403 [root] INFO: This is an info message.
2025-01-22 10:31:10,403 [root] WARNING: This is a warning message.
2025-01-22 10:31:13,052 [root] INFO: test 123
2025-01-22 10:31:15,477 [root] INFO: Connected to robot: 192.168.0.1 on attempt 1
2025-01-22 10:31:15,477 [root] INFO: tcp pos: [-0.663905649877367, -0.08495112536592048, 0.5297516461094115, -2.1949394381932836, -2.2206267821917987, -0.0038607854596249243]
2025-01-22 10:31:15,975 [root] INFO: Starting display thread...
2025-01-22 10:31:17,383 [root] INFO: start/resume button pressed
2025-01-22 10:31:17,384 [root] INFO: start new machine thread!
2025-01-22 10:31:17,384 [root] INFO: Starting Boxing Machine...
2025-01-22 10:31:17,384 [root] INFO: In main loop
2025-01-22 10:31:17,384 [root] INFO: move to normal working mode
2025-01-22 10:31:20,356 [root] INFO: Detected object: vertical with confidence 0.6881353259086609 at position 1
2025-01-22 10:31:21,770 [root] INFO: Detected object: horizontal with confidence 0.44396618008613586 at position 2
2025-01-22 10:31:21,771 [root] INFO: Detected object: horizontal with confidence 0.4173596203327179 at position 2
2025-01-22 10:31:21,772 [root] INFO: Orientation detection complete: {'box_0': 'vertical', 'box_1': 'horizontal'}
2025-01-22 10:31:21,773 [root] INFO: box orientations: {'box_0': 'vertical', 'box_1': 'horizontal'}
2025-01-22 10:31:24,102 [root] INFO: start capturing frames
2025-01-22 10:31:24,102 [root] INFO: Waiting if paused...
2025-01-22 10:31:24,204 [root] INFO: not stable
2025-01-22 10:31:24,204 [root] INFO: not stable
2025-01-22 10:31:24,205 [root] INFO: Waiting if paused...
2025-01-22 10:31:24,303 [root] INFO: not stable
2025-01-22 10:31:24,304 [root] INFO: not stable
2025-01-22 10:31:24,304 [root] INFO: Waiting if paused...
2025-01-22 10:31:24,410 [root] INFO: not stable
2025-01-22 10:31:24,412 [root] INFO: not stable
2025-01-22 10:31:24,413 [root] INFO: Waiting if paused...
2025-01-22 10:31:24,517 [root] INFO: tot parts not rounded: 7.968738048170669
2025-01-22 10:31:24,517 [root] INFO: vision length: 194.43720837536432  new length: 195.2  tot parts: 8
2025-01-22 10:31:24,519 [root] INFO: Packing in Box 1 at center (-0.215, 0.5337999999999999, 0.0)
2025-01-22 10:31:24,519 [root] INFO: Total z parts: 14
2025-01-22 10:31:24,520 [root] INFO: Packing in Box 2 at center [0.22, 0.5257999999999999, 0.0]
2025-01-22 10:31:24,520 [root] INFO: Total z parts: 14
2025-01-22 10:31:24,520 [root] INFO: Processing part: {'box_number': 0, 'part_number': 1, 'layer_number': 1, 'position': (-0.2915, 0.4453, -0.004), 'rotation': 0, 'partcount': 7, 'top_layer': False}
2025-01-22 10:31:24,521 [root] INFO: Waiting if paused...
2025-01-22 10:31:25,554 [root] INFO: start capturing frames
2025-01-22 10:31:25,554 [root] INFO: Waiting if paused...
2025-01-22 10:31:25,655 [root] INFO: tot parts not rounded: 7.968738048170669
2025-01-22 10:31:25,656 [root] INFO: vision length: 194.43720837536432  new length: 195.2  tot parts: 8
2025-01-22 10:31:25,657 [root] INFO: x: -0.6016999999999999   y: -0.13737017120748057   item_type: Big-Blue
2025-01-22 10:31:25,659 [root] INFO: Waiting if paused...
2025-01-22 10:31:25,665 [root] INFO: belt z: [0, 0, -0.119, 0, 0, 0] Big-Blue
2025-01-22 10:31:25,698 [root] INFO: Waiting if paused...
2025-01-22 10:31:26,120 [root] INFO: Pausing operations...
2025-01-22 10:31:29,355 [root] INFO: perform step 7
2025-01-22 10:31:29,728 [root] INFO: Waiting if paused...
2025-01-22 10:31:32,522 [root] INFO: start/resume button pressed
2025-01-22 10:31:32,523 [root] INFO: Resuming operations...
2025-01-22 10:31:34,151 [root] INFO: Waiting if paused...
2025-01-22 10:31:34,151 [root] INFO: given part type to place part: Big-Blue
2025-01-22 10:31:34,151 [root] INFO: while placing move z up!!
2025-01-22 10:31:34,166 [root] INFO: Waiting if paused...
2025-01-22 10:31:37,655 [root] INFO: Waiting if paused...
2025-01-22 10:31:40,185 [root] INFO: Waiting if paused...
2025-01-22 10:31:40,186 [root] INFO: Pausing operations...
2025-01-22 10:31:41,964 [root] INFO: Processing part: {'box_number': 0, 'part_number': 2, 'layer_number': 1, 'position': (-0.1305, 0.4512999999999999, -0.004), 'rotation': -90, 'partcount': 14, 'top_layer': False}
2025-01-22 10:31:41,965 [root] INFO: Waiting if paused...
2025-01-22 10:31:53,897 [root] INFO: start/resume button pressed
2025-01-22 10:31:53,898 [root] INFO: Resuming operations...
2025-01-22 10:31:55,037 [root] INFO: start capturing frames
2025-01-22 10:31:55,037 [root] INFO: Waiting if paused...
2025-01-22 10:31:55,150 [root] INFO: tot parts not rounded: 7.9750793636399155
2025-01-22 10:31:55,150 [root] INFO: vision length: 194.59193647281393  new length: 195.2  tot parts: 8
2025-01-22 10:31:55,153 [root] INFO: x: -0.6016999999999999   y: -0.1321234993118542   item_type: Big-Blue
2025-01-22 10:31:55,154 [root] INFO: Waiting if paused...
2025-01-22 10:31:55,168 [root] INFO: belt z: [0, 0, -0.119, 0, 0, 0] Big-Blue
2025-01-22 10:31:55,184 [root] INFO: Waiting if paused...
2025-01-22 10:31:58,861 [root] INFO: perform step 7
2025-01-22 10:31:59,244 [root] INFO: Waiting if paused...
2025-01-22 10:32:00,859 [root] INFO: Waiting if paused...
2025-01-22 10:32:00,859 [root] INFO: given part type to place part: Big-Blue
2025-01-22 10:32:00,859 [root] INFO: ---rotate also around y wile placing!---
2025-01-22 10:32:00,875 [root] INFO: Waiting if paused...
2025-01-22 10:32:04,394 [root] INFO: Waiting if paused...
2025-01-22 10:32:06,931 [root] INFO: Waiting if paused...
2025-01-22 10:32:07,464 [root] INFO: Pausing operations...
2025-01-22 10:32:08,962 [root] INFO: Processing part: {'box_number': 0, 'part_number': 3, 'layer_number': 1, 'position': (-0.30249999999999994, 0.6103, -0.004), 'rotation': 90, 'partcount': 21, 'top_layer': False}
2025-01-22 10:32:08,963 [root] INFO: Waiting if paused...
2025-01-22 10:33:13,290 [root] INFO: This is an info message.
2025-01-22 10:33:13,291 [root] WARNING: This is a warning message.
2025-01-22 10:33:16,001 [root] INFO: test 123
2025-01-22 10:33:17,708 [root] INFO: Connected to robot: 192.168.0.1 on attempt 1
2025-01-22 10:33:17,708 [root] INFO: tcp pos: [-0.6639007793334243, -0.08493968380627562, 0.5297275263776123, -2.194981332513706, -2.220637207358044, -0.003926405321366345]
2025-01-22 10:33:18,183 [root] INFO: Starting display thread...
2025-01-22 10:33:19,628 [root] INFO: start/resume button pressed
2025-01-22 10:33:19,630 [root] INFO: start new machine thread!
2025-01-22 10:33:19,631 [root] INFO: Starting Boxing Machine...
2025-01-22 10:33:19,631 [root] INFO: In main loop
2025-01-22 10:33:19,631 [root] INFO: move to normal working mode
2025-01-22 10:33:22,900 [root] INFO: Detected object: vertical with confidence 0.6728957891464233 at position 1
2025-01-22 10:33:24,302 [root] INFO: Detected object: horizontal with confidence 0.6359369158744812 at position 2
2025-01-22 10:33:24,303 [root] INFO: Detected object: horizontal with confidence 0.3991442918777466 at position 2
2025-01-22 10:33:24,305 [root] INFO: Orientation detection complete: {'box_0': 'vertical', 'box_1': 'horizontal'}
2025-01-22 10:33:24,305 [root] INFO: box orientations: {'box_0': 'vertical', 'box_1': 'horizontal'}
2025-01-22 10:33:26,631 [root] INFO: start capturing frames
2025-01-22 10:33:26,631 [root] INFO: Waiting if paused...
2025-01-22 10:33:26,731 [root] INFO: not stable
2025-01-22 10:33:26,732 [root] INFO: not stable
2025-01-22 10:33:26,732 [root] INFO: Waiting if paused...
2025-01-22 10:33:26,834 [root] INFO: not stable
2025-01-22 10:33:26,835 [root] INFO: not stable
2025-01-22 10:33:26,835 [root] INFO: Waiting if paused...
2025-01-22 10:33:26,937 [root] INFO: not stable
2025-01-22 10:33:26,938 [root] INFO: not stable
2025-01-22 10:33:26,938 [root] INFO: Waiting if paused...
2025-01-22 10:33:27,039 [root] INFO: tot parts not rounded: 8.272733287805101
2025-01-22 10:33:27,039 [root] INFO: vision length: 201.85469222244444  new length: 195.2  tot parts: 8
2025-01-22 10:33:27,040 [root] INFO: Packing in Box 1 at center (-0.215, 0.5337999999999999, 0.0)
2025-01-22 10:33:27,041 [root] INFO: Total z parts: 14
2025-01-22 10:33:27,041 [root] INFO: Packing in Box 2 at center [0.22, 0.5257999999999999, 0.0]
2025-01-22 10:33:27,041 [root] INFO: Total z parts: 14
2025-01-22 10:33:27,041 [root] INFO: Processing part: {'box_number': 0, 'part_number': 1, 'layer_number': 1, 'position': (-0.2915, 0.4453, -0.004), 'rotation': 0, 'partcount': 7, 'top_layer': False}
2025-01-22 10:33:27,042 [root] INFO: Waiting if paused...
2025-01-22 10:33:28,071 [root] INFO: start capturing frames
2025-01-22 10:33:28,071 [root] INFO: Waiting if paused...
2025-01-22 10:33:28,177 [root] INFO: tot parts not rounded: 7.970006311264518
2025-01-22 10:33:28,177 [root] INFO: vision length: 194.46815399485422  new length: 195.2  tot parts: 8
2025-01-22 10:33:28,178 [root] INFO: x: -0.6016999999999999   y: -0.13632083682835527   item_type: Big-Blue
2025-01-22 10:33:28,178 [root] INFO: Waiting if paused...
2025-01-22 10:33:28,195 [root] INFO: belt z: [0, 0, -0.119, 0, 0, 0] Big-Blue
2025-01-22 10:33:28,210 [root] INFO: Waiting if paused...
2025-01-22 10:33:31,861 [root] INFO: perform step 7
2025-01-22 10:33:32,246 [root] INFO: Waiting if paused...
2025-01-22 10:33:33,881 [root] INFO: Waiting if paused...
2025-01-22 10:33:33,881 [root] INFO: given part type to place part: Big-Blue
2025-01-22 10:33:33,882 [root] INFO: while placing move z up!!
2025-01-22 10:33:33,896 [root] INFO: Waiting if paused...
2025-01-22 10:33:33,959 [root] INFO: Pausing operations...
2025-01-22 10:33:37,403 [root] INFO: Waiting if paused...
2025-01-22 10:33:41,088 [root] INFO: start/resume button pressed
2025-01-22 10:33:41,089 [root] INFO: Resuming operations...
2025-01-22 10:33:43,632 [root] INFO: Waiting if paused...
2025-01-22 10:33:43,754 [root] INFO: Pausing operations...
2025-01-22 10:33:45,406 [root] INFO: Processing part: {'box_number': 0, 'part_number': 2, 'layer_number': 1, 'position': (-0.1305, 0.4512999999999999, -0.004), 'rotation': -90, 'partcount': 14, 'top_layer': False}
2025-01-22 10:33:45,406 [root] INFO: Waiting if paused...
2025-01-22 10:33:54,799 [root] INFO: start/resume button pressed
2025-01-22 10:33:54,800 [root] INFO: Resuming operations...
2025-01-22 10:33:55,940 [root] INFO: start capturing frames
2025-01-22 10:33:55,940 [root] INFO: Waiting if paused...
2025-01-22 10:33:56,046 [root] INFO: tot parts not rounded: 7.970006311264518
2025-01-22 10:33:56,046 [root] INFO: vision length: 194.46815399485422  new length: 195.2  tot parts: 8
2025-01-22 10:33:56,047 [root] INFO: x: -0.6016999999999999   y: -0.13632083682835527   item_type: Big-Blue
2025-01-22 10:33:56,048 [root] INFO: Waiting if paused...
2025-01-22 10:33:56,066 [root] INFO: belt z: [0, 0, -0.119, 0, 0, 0] Big-Blue
2025-01-22 10:33:56,082 [root] INFO: Waiting if paused...
2025-01-22 10:33:56,438 [root] INFO: Pausing operations...
2025-01-22 10:33:59,626 [root] INFO: start/resume button pressed
2025-01-22 10:33:59,627 [root] INFO: Resuming operations...
2025-01-22 10:33:59,724 [root] INFO: perform step 7
2025-01-22 10:34:00,109 [root] INFO: Waiting if paused...
2025-01-22 10:34:01,745 [root] INFO: Waiting if paused...
2025-01-22 10:34:01,745 [root] INFO: given part type to place part: Big-Blue
2025-01-22 10:34:01,745 [root] INFO: ---rotate also around y wile placing!---
2025-01-22 10:34:01,761 [root] INFO: Waiting if paused...
2025-01-22 10:34:05,285 [root] INFO: Waiting if paused...
2025-01-22 10:34:07,834 [root] INFO: Waiting if paused...
2025-01-22 10:34:09,862 [root] INFO: Processing part: {'box_number': 0, 'part_number': 3, 'layer_number': 1, 'position': (-0.30249999999999994, 0.6103, -0.004), 'rotation': 90, 'partcount': 21, 'top_layer': False}
2025-01-22 10:34:09,862 [root] INFO: Waiting if paused...
2025-01-22 10:34:10,969 [root] INFO: Pausing operations...
2025-01-22 10:34:11,000 [root] INFO: start capturing frames
2025-01-22 10:34:11,000 [root] INFO: Waiting if paused...
2025-01-22 10:34:17,022 [root] INFO: start/resume button pressed
2025-01-22 10:34:17,023 [root] INFO: start new machine thread!
2025-01-22 10:34:17,023 [root] INFO: Starting Boxing Machine...
2025-01-22 10:34:17,024 [root] INFO: In main loop
2025-01-22 10:34:17,024 [root] INFO: move to normal working mode
2025-01-22 10:34:18,849 [root] INFO: Detected object: vertical with confidence 0.7005860209465027 at position 1
2025-01-22 10:34:20,273 [root] INFO: Detected object: horizontal with confidence 0.5245964527130127 at position 2
2025-01-22 10:34:20,273 [root] INFO: Detected object: horizontal with confidence 0.27894988656044006 at position 2
2025-01-22 10:34:20,274 [root] INFO: Detected object: horizontal with confidence 0.26299092173576355 at position 2
2025-01-22 10:34:20,275 [root] INFO: Orientation detection complete: {'box_0': 'vertical', 'box_1': 'horizontal'}
2025-01-22 10:34:20,275 [root] INFO: box orientations: {'box_0': 'vertical', 'box_1': 'horizontal'}
2025-01-22 10:34:22,615 [root] INFO: start capturing frames
2025-01-22 10:34:22,615 [root] INFO: Waiting if paused...
2025-01-22 10:34:22,615 [root] INFO: interface stopped, stop main loop
2025-01-22 10:34:22,615 [root] INFO: camera position: stop main loop
2025-01-22 10:34:22,615 [root] INFO: Packing in Box 1 at center (-0.215, 0.5337999999999999, 0.0)
2025-01-22 10:34:22,615 [root] INFO: Total z parts: 14
2025-01-22 10:34:22,616 [root] INFO: no z pos ofsset defined
2025-01-22 10:34:22,616 [root] INFO: Packing in Box 2 at center [0.22, 0.5257999999999999, 0.0]
2025-01-22 10:34:22,616 [root] INFO: Total z parts: 14
2025-01-22 10:34:22,616 [root] INFO: no z pos ofsset defined
2025-01-22 10:34:22,617 [root] INFO: Stopping main loop due to stop signal.
2025-01-22 10:34:36,732 [root] INFO: Pausing operations...
2025-01-22 10:34:37,563 [root] INFO: start/resume button pressed
2025-01-22 10:34:37,565 [root] INFO: Resuming operations...
2025-01-22 10:34:37,678 [root] INFO: tot parts not rounded: 7.968738048170669
2025-01-22 10:34:37,678 [root] INFO: vision length: 194.43720837536432  new length: 195.2  tot parts: 8
2025-01-22 10:34:37,679 [root] INFO: x: -0.6016999999999999   y: -0.13737017120748057   item_type: Big-Blue
2025-01-22 10:34:37,679 [root] INFO: Waiting if paused...
2025-01-22 10:34:37,694 [root] INFO: belt z: [0, 0, -0.119, 0, 0, 0] Big-Blue
2025-01-22 10:34:37,709 [root] INFO: Waiting if paused...
2025-01-22 10:34:37,989 [root] INFO: Pausing operations...
2025-01-22 10:34:41,371 [root] INFO: perform step 7
2025-01-22 10:34:41,754 [root] INFO: Waiting if paused...
2025-01-22 10:35:00,632 [root] INFO: start/resume button pressed
2025-01-22 10:35:00,633 [root] INFO: Resuming operations...
2025-01-22 10:35:01,720 [root] INFO: Pausing operations...
2025-01-22 10:35:02,289 [root] INFO: Waiting if paused...
2025-01-22 10:35:16,685 [root] INFO: start/resume button pressed
2025-01-22 10:35:16,686 [root] INFO: Resuming operations...
2025-01-22 10:35:16,686 [root] INFO: given part type to place part: Big-Blue
2025-01-22 10:35:16,687 [root] INFO: ---rotate also around y wile placing!---
2025-01-22 10:35:16,697 [root] INFO: Waiting if paused...
2025-01-22 10:35:20,285 [root] INFO: Waiting if paused...
2025-01-22 10:35:22,833 [root] INFO: Waiting if paused...
2025-01-22 10:35:24,638 [root] INFO: Processing part: {'box_number': 0, 'part_number': 4, 'layer_number': 1, 'position': (-0.14150000000000001, 0.6163, -0.004), 'rotation': 180, 'partcount': 28, 'top_layer': False}
2025-01-22 10:35:24,638 [root] INFO: Waiting if paused...
2025-01-22 10:35:25,775 [root] INFO: start capturing frames
2025-01-22 10:35:25,775 [root] INFO: Waiting if paused...
2025-01-22 10:35:25,886 [root] INFO: tot parts not rounded: 7.930050381475819
2025-01-22 10:35:25,887 [root] INFO: vision length: 193.49322930800997  new length: 195.2  tot parts: 8
2025-01-22 10:35:25,888 [root] INFO: x: -0.6016999999999999   y: -0.1331480080640903   item_type: Big-Blue
2025-01-22 10:35:25,889 [root] INFO: Waiting if paused...
2025-01-22 10:35:25,908 [root] INFO: belt z: [0, 0, -0.119, 0, 0, 0] Big-Blue
2025-01-22 10:35:25,923 [root] INFO: Waiting if paused...
2025-01-22 10:35:29,565 [root] INFO: perform step 7
2025-01-22 10:35:29,950 [root] INFO: Waiting if paused...
2025-01-22 10:35:31,580 [root] INFO: Waiting if paused...
2025-01-22 10:35:31,580 [root] INFO: given part type to place part: Big-Blue
2025-01-22 10:35:31,580 [root] INFO: while placing move z up!!
2025-01-22 10:35:31,595 [root] INFO: Waiting if paused...
2025-01-22 10:35:35,408 [root] INFO: Waiting if paused...
2025-01-22 10:35:41,659 [root] INFO: no bad position detected
2025-01-22 10:35:42,657 [root] INFO: Waiting if paused...
2025-01-22 10:35:42,657 [root] INFO: Processing part: {'box_number': 0, 'part_number': 5, 'layer_number': 2, 'position': (-0.2915, 0.4453, 0.0086), 'rotation': 0, 'partcount': 35, 'top_layer': False}
2025-01-22 10:35:42,657 [root] INFO: Waiting if paused...
2025-01-22 10:35:43,797 [root] INFO: start capturing frames
2025-01-22 10:35:43,797 [root] INFO: Waiting if paused...
2025-01-22 10:35:43,894 [root] INFO: tot parts not rounded: 8.227704305641003
2025-01-22 10:35:43,894 [root] INFO: vision length: 200.7559850576405  new length: 195.2  tot parts: 8
2025-01-22 10:35:43,895 [root] INFO: x: -0.6006999999999999   y: 0.07457054774893579   item_type: Big-Blue
2025-01-22 10:35:43,896 [root] INFO: Waiting if paused...
2025-01-22 10:35:43,909 [root] INFO: belt z: [0, 0, -0.119, 0, 0, 0] Big-Blue
2025-01-22 10:35:43,923 [root] INFO: Waiting if paused...
2025-01-22 10:35:45,510 [root] INFO: Pausing operations...
2025-01-22 10:35:47,641 [root] INFO: perform step 7
2025-01-22 10:35:48,013 [root] INFO: Waiting if paused...
2025-01-22 10:36:30,445 [root] ERROR: restart button pressed
2025-01-22 10:36:37,971 [root] INFO: Stopping robot control and camera pipeline...
2025-01-22 10:36:38,001 [root] INFO: stopped connection with robot
2025-01-22 10:37:03,887 [root] INFO: This is an info message.
2025-01-22 10:37:03,887 [root] WARNING: This is a warning message.
2025-01-22 10:37:06,538 [root] INFO: test 123
2025-01-22 10:37:08,137 [root] INFO: Connected to robot: 192.168.0.1 on attempt 1
2025-01-22 10:37:08,137 [root] INFO: tcp pos: [-0.7794428675095695, 0.1084771150246722, -0.0890582754399084, -2.1524224873846896, -2.169464347833606, 0.11977641845107215]
2025-01-22 10:37:08,588 [root] INFO: Starting display thread...
2025-01-22 10:37:11,691 [root] INFO: move to normal working mode
2025-01-22 10:37:31,100 [root] INFO: start/resume button pressed
2025-01-22 10:37:31,101 [root] INFO: start new machine thread!
2025-01-22 10:37:31,102 [root] INFO: Starting Boxing Machine...
2025-01-22 10:37:31,102 [root] INFO: In main loop
2025-01-22 10:37:31,102 [root] INFO: move to normal working mode
2025-01-22 10:37:34,171 [root] INFO: Detected object: vertical with confidence 0.6942889094352722 at position 1
2025-01-22 10:37:35,583 [root] INFO: Detected object: horizontal with confidence 0.5500288009643555 at position 2
2025-01-22 10:37:35,583 [root] INFO: Detected object: horizontal with confidence 0.49215391278266907 at position 2
2025-01-22 10:37:35,585 [root] INFO: Orientation detection complete: {'box_0': 'vertical', 'box_1': 'horizontal'}
2025-01-22 10:37:35,585 [root] INFO: box orientations: {'box_0': 'vertical', 'box_1': 'horizontal'}
2025-01-22 10:37:37,925 [root] INFO: start capturing frames
2025-01-22 10:37:37,925 [root] INFO: Waiting if paused...
2025-01-22 10:37:38,037 [root] INFO: not stable
2025-01-22 10:37:38,039 [root] INFO: not stable
2025-01-22 10:37:38,039 [root] INFO: Waiting if paused...
2025-01-22 10:37:38,147 [root] INFO: not stable
2025-01-22 10:37:38,148 [root] INFO: not stable
2025-01-22 10:37:38,149 [root] INFO: Waiting if paused...
2025-01-22 10:37:38,250 [root] INFO: not stable
2025-01-22 10:37:38,250 [root] INFO: not stable
2025-01-22 10:37:38,252 [root] INFO: Waiting if paused...
2025-01-22 10:37:38,351 [root] INFO: tot parts not rounded: 7.980152416015309
2025-01-22 10:37:38,352 [root] INFO: vision length: 194.71571895077352  new length: 195.2  tot parts: 8
2025-01-22 10:37:38,353 [root] INFO: Packing in Box 1 at center (-0.215, 0.5337999999999999, 0.0)
2025-01-22 10:37:38,353 [root] INFO: Total z parts: 14
2025-01-22 10:37:38,353 [root] INFO: Packing in Box 2 at center [0.22, 0.5257999999999999, 0.0]
2025-01-22 10:37:38,354 [root] INFO: Total z parts: 14
2025-01-22 10:37:38,354 [root] INFO: Processing part: {'box_number': 0, 'part_number': 1, 'layer_number': 1, 'position': (-0.2915, 0.4453, -0.004), 'rotation': 0, 'partcount': 7, 'top_layer': False}
2025-01-22 10:37:38,354 [root] INFO: Waiting if paused...
2025-01-22 10:37:39,382 [root] INFO: start capturing frames
2025-01-22 10:37:39,383 [root] INFO: Waiting if paused...
2025-01-22 10:37:39,484 [root] INFO: tot parts not rounded: 8.240386936579492
2025-01-22 10:37:39,484 [root] INFO: vision length: 201.06544125253959  new length: 195.2  tot parts: 8
2025-01-22 10:37:39,485 [root] INFO: x: -0.6006999999999999   y: 0.08506389154018856   item_type: Big-Blue
2025-01-22 10:37:39,485 [root] INFO: Waiting if paused...
2025-01-22 10:37:39,493 [root] INFO: belt z: [0, 0, -0.119, 0, 0, 0] Big-Blue
2025-01-22 10:37:39,525 [root] INFO: Waiting if paused...
2025-01-22 10:37:40,912 [root] INFO: Pausing operations...
2025-01-22 10:37:43,220 [root] INFO: perform step 7
2025-01-22 10:37:43,604 [root] INFO: Waiting if paused...
2025-01-22 10:39:01,477 [root] INFO: This is an info message.
2025-01-22 10:39:01,477 [root] WARNING: This is a warning message.
2025-01-22 10:39:04,191 [root] INFO: test 123
2025-01-22 10:39:06,352 [root] INFO: Connected to robot: 192.168.0.1 on attempt 1
2025-01-22 10:39:06,352 [root] INFO: tcp pos: [-0.7794230339145015, 0.11895540891634207, -0.08911066129346193, -2.152421012210359, -2.169540207731083, 0.11969845460533368]
2025-01-22 10:39:06,872 [root] INFO: Starting display thread...
2025-01-22 10:39:09,423 [root] INFO: start/resume button pressed
2025-01-22 10:39:09,424 [root] INFO: start new machine thread!
2025-01-22 10:39:09,424 [root] INFO: Starting Boxing Machine...
2025-01-22 10:39:09,425 [root] INFO: In main loop
2025-01-22 10:39:09,425 [root] INFO: move to normal working mode
2025-01-22 10:39:15,621 [root] INFO: Detected object: vertical with confidence 0.689076840877533 at position 1
2025-01-22 10:39:17,025 [root] INFO: Detected object: horizontal with confidence 0.5337689518928528 at position 2
2025-01-22 10:39:17,026 [root] INFO: Detected object: horizontal with confidence 0.47211992740631104 at position 2
2025-01-22 10:39:17,026 [root] INFO: Detected object: horizontal with confidence 0.2896220088005066 at position 2
2025-01-22 10:39:17,028 [root] INFO: Orientation detection complete: {'box_0': 'vertical', 'box_1': 'horizontal'}
2025-01-22 10:39:17,029 [root] INFO: box orientations: {'box_0': 'vertical', 'box_1': 'horizontal'}
2025-01-22 10:39:19,224 [root] INFO: Pausing operations...
2025-01-22 10:39:19,367 [root] INFO: start capturing frames
2025-01-22 10:39:19,367 [root] INFO: Waiting if paused...
2025-01-22 10:39:24,386 [root] INFO: start/resume button pressed
2025-01-22 10:39:24,388 [root] INFO: Resuming operations...
2025-01-22 10:39:24,498 [root] INFO: Waiting if paused...
2025-01-22 10:39:24,600 [root] INFO: Waiting if paused...
2025-01-22 10:39:24,700 [root] INFO: Waiting if paused...
2025-01-22 10:39:24,792 [root] INFO: Waiting if paused...
2025-01-22 10:39:24,893 [root] INFO: Waiting if paused...
2025-01-22 10:39:24,989 [root] INFO: Waiting if paused...
2025-01-22 10:39:25,083 [root] INFO: Waiting if paused...
2025-01-22 10:39:25,186 [root] INFO: Waiting if paused...
2025-01-22 10:39:25,276 [root] INFO: Waiting if paused...
2025-01-22 10:39:25,373 [root] INFO: Waiting if paused...
2025-01-22 10:39:25,467 [root] INFO: Waiting if paused...
2025-01-22 10:39:25,566 [root] INFO: Waiting if paused...
2025-01-22 10:39:25,674 [root] INFO: Waiting if paused...
2025-01-22 10:39:25,774 [root] INFO: Waiting if paused...
2025-01-22 10:39:25,872 [root] INFO: Waiting if paused...
2025-01-22 10:39:25,973 [root] INFO: Waiting if paused...
2025-01-22 10:39:26,075 [root] INFO: Waiting if paused...
2025-01-22 10:39:26,188 [root] INFO: Waiting if paused...
2025-01-22 10:39:26,296 [root] INFO: Waiting if paused...
2025-01-22 10:39:26,394 [root] INFO: Waiting if paused...
2025-01-22 10:39:26,489 [root] INFO: Waiting if paused...
2025-01-22 10:39:26,600 [root] INFO: Waiting if paused...
2025-01-22 10:39:26,731 [root] INFO: Waiting if paused...
2025-01-22 10:39:26,853 [root] INFO: Waiting if paused...
2025-01-22 10:39:26,953 [root] INFO: Waiting if paused...
2025-01-22 10:39:27,044 [root] INFO: Waiting if paused...
2025-01-22 10:39:27,136 [root] INFO: Waiting if paused...
2025-01-22 10:39:27,233 [root] INFO: Waiting if paused...
2025-01-22 10:39:27,322 [root] INFO: Waiting if paused...
2025-01-22 10:39:27,414 [root] INFO: Waiting if paused...
2025-01-22 10:39:27,534 [root] INFO: Waiting if paused...
2025-01-22 10:39:27,625 [root] INFO: Waiting if paused...
2025-01-22 10:39:27,723 [root] INFO: Waiting if paused...
2025-01-22 10:39:27,819 [root] INFO: Waiting if paused...
2025-01-22 10:39:27,912 [root] INFO: Waiting if paused...
2025-01-22 10:39:28,023 [root] INFO: Waiting if paused...
2025-01-22 10:39:28,141 [root] INFO: Waiting if paused...
2025-01-22 10:39:28,251 [root] INFO: Waiting if paused...
2025-01-22 10:39:28,360 [root] INFO: Waiting if paused...
2025-01-22 10:39:28,474 [root] INFO: Waiting if paused...
2025-01-22 10:39:28,581 [root] INFO: Waiting if paused...
2025-01-22 10:39:28,687 [root] INFO: Waiting if paused...
2025-01-22 10:39:28,788 [root] INFO: Waiting if paused...
2025-01-22 10:39:28,893 [root] INFO: Waiting if paused...
2025-01-22 10:39:28,990 [root] INFO: Waiting if paused...
2025-01-22 10:39:29,096 [root] INFO: Waiting if paused...
2025-01-22 10:39:29,244 [root] INFO: Waiting if paused...
2025-01-22 10:39:29,347 [root] INFO: Waiting if paused...
2025-01-22 10:39:29,451 [root] INFO: Waiting if paused...
2025-01-22 10:39:29,556 [root] INFO: Waiting if paused...
2025-01-22 10:39:29,660 [root] INFO: Waiting if paused...
2025-01-22 10:39:29,765 [root] INFO: Waiting if paused...
2025-01-22 10:39:29,865 [root] INFO: Waiting if paused...
2025-01-22 10:39:29,974 [root] INFO: Waiting if paused...
2025-01-22 10:39:30,100 [root] INFO: Waiting if paused...
2025-01-22 10:39:30,233 [root] INFO: Waiting if paused...
2025-01-22 10:39:30,354 [root] INFO: Waiting if paused...
2025-01-22 10:39:30,483 [root] INFO: Waiting if paused...
2025-01-22 10:39:30,606 [root] INFO: Waiting if paused...
2025-01-22 10:39:30,724 [root] INFO: Waiting if paused...
2025-01-22 10:39:30,833 [root] INFO: Waiting if paused...
2025-01-22 10:39:30,937 [root] INFO: Waiting if paused...
2025-01-22 10:39:31,035 [root] INFO: Waiting if paused...
2025-01-22 10:39:31,140 [root] INFO: Waiting if paused...
2025-01-22 10:39:31,243 [root] INFO: Waiting if paused...
2025-01-22 10:39:31,348 [root] INFO: Waiting if paused...
2025-01-22 10:39:31,450 [root] INFO: Waiting if paused...
2025-01-22 10:39:31,553 [root] INFO: Waiting if paused...
2025-01-22 10:39:31,656 [root] INFO: Waiting if paused...
2025-01-22 10:39:31,762 [root] INFO: Waiting if paused...
2025-01-22 10:39:31,871 [root] INFO: Waiting if paused...
2025-01-22 10:39:31,974 [root] INFO: Waiting if paused...
2025-01-22 10:39:32,080 [root] INFO: Waiting if paused...
2025-01-22 10:39:32,090 [root] INFO: Pausing operations...
2025-01-22 10:39:32,179 [root] INFO: Waiting if paused...
2025-01-22 10:40:25,066 [root] INFO: This is an info message.
2025-01-22 10:40:25,066 [root] WARNING: This is a warning message.
2025-01-22 10:40:27,768 [root] INFO: test 123
2025-01-22 10:40:29,379 [root] INFO: Connected to robot: 192.168.0.1 on attempt 1
2025-01-22 10:40:29,379 [root] INFO: tcp pos: [-0.663892716082841, -0.08493346342051172, 0.5297471224669377, -2.194972516752374, -2.2206193117273356, -0.003894585062261671]
2025-01-22 10:40:29,895 [root] INFO: Starting display thread...
2025-01-22 10:40:50,672 [root] INFO: This is an info message.
2025-01-22 10:40:50,673 [root] WARNING: This is a warning message.
2025-01-22 10:40:53,405 [root] INFO: test 123
2025-01-22 10:40:55,494 [root] INFO: Connected to robot: 192.168.0.1 on attempt 1
2025-01-22 10:40:55,494 [root] INFO: tcp pos: [-0.6638871679302705, -0.0849447425748667, 0.529744631747001, -2.1949669900674404, -2.220640341322696, -0.003911796220031558]
2025-01-22 10:40:55,944 [root] INFO: Starting display thread...
2025-01-22 10:40:57,847 [root] INFO: start/resume button pressed
2025-01-22 10:40:57,848 [root] INFO: start new machine thread!
2025-01-22 10:40:57,849 [root] INFO: Starting Boxing Machine...
2025-01-22 10:40:57,849 [root] INFO: In main loop
2025-01-22 10:40:57,849 [root] INFO: move to normal working mode
2025-01-22 10:41:00,834 [root] INFO: Detected object: vertical with confidence 0.6696338653564453 at position 1
2025-01-22 10:41:02,250 [root] INFO: Detected object: horizontal with confidence 0.5704265236854553 at position 2
2025-01-22 10:41:02,250 [root] INFO: Detected object: horizontal with confidence 0.27495476603507996 at position 2
2025-01-22 10:41:02,252 [root] INFO: Orientation detection complete: {'box_0': 'vertical', 'box_1': 'horizontal'}
2025-01-22 10:41:02,253 [root] INFO: box orientations: {'box_0': 'vertical', 'box_1': 'horizontal'}
2025-01-22 10:41:04,576 [root] INFO: start capturing frames
2025-01-22 10:41:04,700 [root] INFO: labels: <built-in method lower of str object at 0x00000298EFFA1CB0>  conf: tensor([0.9601])
2025-01-22 10:41:04,702 [root] INFO: labels: <built-in method lower of str object at 0x00000298EFFA1CB0>  conf: tensor([0.9584])
2025-01-22 10:41:04,803 [root] INFO: labels: <built-in method lower of str object at 0x00000298EFFA1CB0>  conf: tensor([0.9593])
2025-01-22 10:41:04,804 [root] INFO: labels: <built-in method lower of str object at 0x00000298EFFA1CB0>  conf: tensor([0.9579])
2025-01-22 10:41:04,902 [root] INFO: labels: <built-in method lower of str object at 0x00000298EFFA1CB0>  conf: tensor([0.9598])
2025-01-22 10:41:04,904 [root] INFO: labels: <built-in method lower of str object at 0x00000298EFFA1CB0>  conf: tensor([0.9575])
2025-01-22 10:41:05,006 [root] INFO: labels: <built-in method lower of str object at 0x00000298EFFA1CB0>  conf: tensor([0.9577])
2025-01-22 10:41:05,008 [root] INFO: labels: <built-in method lower of str object at 0x00000298EFFA1CB0>  conf: tensor([0.9537])
2025-01-22 10:41:05,106 [root] INFO: labels: <built-in method lower of str object at 0x00000298EFFA1CB0>  conf: tensor([0.9584])
2025-01-22 10:41:05,107 [root] INFO: labels: <built-in method lower of str object at 0x00000298EFFA1CB0>  conf: tensor([0.9523])
2025-01-22 10:41:05,206 [root] INFO: labels: <built-in method lower of str object at 0x00000298EFFA1CB0>  conf: tensor([0.9578])
2025-01-22 10:41:05,207 [root] INFO: labels: <built-in method lower of str object at 0x00000298EFFA1CB0>  conf: tensor([0.9499])
2025-01-22 10:41:05,327 [root] INFO: labels: <built-in method lower of str object at 0x00000298EFFA1CB0>  conf: tensor([0.9584])
2025-01-22 10:41:05,330 [root] INFO: labels: <built-in method lower of str object at 0x00000298EFFA1CB0>  conf: tensor([0.9517])
2025-01-22 10:41:05,435 [root] INFO: labels: <built-in method lower of str object at 0x00000298EFFA1CB0>  conf: tensor([0.9588])
2025-01-22 10:41:05,436 [root] INFO: labels: <built-in method lower of str object at 0x00000298EFFA1CB0>  conf: tensor([0.9530])
2025-01-22 10:41:05,532 [root] INFO: Pausing operations...
2025-01-22 10:41:05,547 [root] INFO: labels: <built-in method lower of str object at 0x00000298EFFA1CB0>  conf: tensor([0.9580])
2025-01-22 10:41:05,549 [root] INFO: labels: <built-in method lower of str object at 0x00000298EFFA1CB0>  conf: tensor([0.9451])
2025-01-22 10:41:56,714 [root] INFO: This is an info message.
2025-01-22 10:41:56,714 [root] WARNING: This is a warning message.
2025-01-22 10:41:59,355 [root] INFO: test 123
2025-01-22 10:42:00,948 [root] INFO: Connected to robot: 192.168.0.1 on attempt 1
2025-01-22 10:42:00,948 [root] INFO: tcp pos: [-0.6638985033108863, -0.08496318398836061, 0.5297643590626794, -2.194942201651711, -2.220636815953381, -0.0038097489840840165]
2025-01-22 10:42:01,414 [root] INFO: Starting display thread...
2025-01-22 10:42:02,486 [root] INFO: start/resume button pressed
2025-01-22 10:42:02,487 [root] INFO: start new machine thread!
2025-01-22 10:42:02,488 [root] INFO: Starting Boxing Machine...
2025-01-22 10:42:02,488 [root] INFO: In main loop
2025-01-22 10:42:02,488 [root] INFO: move to normal working mode
2025-01-22 10:42:05,469 [root] INFO: Detected object: vertical with confidence 0.6688646674156189 at position 1
2025-01-22 10:42:06,882 [root] INFO: Detected object: horizontal with confidence 0.5502942800521851 at position 2
2025-01-22 10:42:06,883 [root] INFO: Detected object: horizontal with confidence 0.33544766902923584 at position 2
2025-01-22 10:42:06,884 [root] INFO: Orientation detection complete: {'box_0': 'vertical', 'box_1': 'horizontal'}
2025-01-22 10:42:06,885 [root] INFO: box orientations: {'box_0': 'vertical', 'box_1': 'horizontal'}
2025-01-22 10:42:09,207 [root] INFO: start capturing frames
2025-01-22 10:42:09,324 [root] INFO: labels: Big-Blue  conf: tensor([0.9588])
2025-01-22 10:42:09,325 [root] INFO: labels: Big-Blue  conf: tensor([0.9458])
2025-01-22 10:42:09,433 [root] INFO: labels: Big-Blue  conf: tensor([0.9584])
2025-01-22 10:42:09,434 [root] INFO: labels: Big-Blue  conf: tensor([0.9451])
2025-01-22 10:42:09,532 [root] INFO: labels: Big-Blue  conf: tensor([0.9572])
2025-01-22 10:42:09,533 [root] INFO: labels: Big-Blue  conf: tensor([0.9407])
2025-01-22 10:42:09,627 [root] INFO: labels: Big-Blue  conf: tensor([0.9578])
2025-01-22 10:42:09,628 [root] INFO: labels: Big-Blue  conf: tensor([0.9404])
2025-01-22 10:42:09,723 [root] INFO: labels: Big-Blue  conf: tensor([0.9581])
2025-01-22 10:42:09,724 [root] INFO: labels: Big-Blue  conf: tensor([0.9354])
2025-01-22 10:42:09,823 [root] INFO: labels: Big-Blue  conf: tensor([0.9581])
2025-01-22 10:42:09,824 [root] INFO: labels: Big-Blue  conf: tensor([0.9294])
2025-01-22 10:42:09,918 [root] INFO: labels: Big-Blue  conf: tensor([0.9585])
2025-01-22 10:42:09,920 [root] INFO: labels: Big-Blue  conf: tensor([0.9278])
2025-01-22 10:42:10,017 [root] INFO: labels: Big-Blue  conf: tensor([0.9585])
2025-01-22 10:42:10,019 [root] INFO: labels: Big-Blue  conf: tensor([0.9308])
2025-01-22 10:42:10,123 [root] INFO: labels: Big-Blue  conf: tensor([0.9582])
2025-01-22 10:42:10,124 [root] INFO: labels: Big-Blue  conf: tensor([0.9361])
2025-01-22 10:42:10,139 [root] INFO: Pausing operations...
2025-01-22 10:42:10,223 [root] INFO: labels: Big-Blue  conf: tensor([0.9583])
2025-01-22 10:42:10,224 [root] INFO: labels: Big-Blue  conf: tensor([0.9251])
2025-01-22 10:42:22,885 [root] INFO: start/resume button pressed
2025-01-22 10:42:22,886 [root] INFO: Resuming operations...
2025-01-22 10:42:22,992 [root] INFO: labels: Big-Blue  conf: tensor([0.9562])
2025-01-22 10:42:22,993 [root] INFO: labels: Big-Blue-Bad  conf: tensor([0.9271])
2025-01-22 10:42:23,091 [root] INFO: labels: Big-Blue  conf: tensor([0.9573])
2025-01-22 10:42:23,092 [root] INFO: labels: Big-Blue-Bad  conf: tensor([0.9297])
2025-01-22 10:42:23,191 [root] INFO: labels: Big-Blue  conf: tensor([0.9568])
2025-01-22 10:42:23,193 [root] INFO: labels: Big-Blue-Bad  conf: tensor([0.9255])
2025-01-22 10:42:23,294 [root] INFO: labels: Big-Blue  conf: tensor([0.9567])
2025-01-22 10:42:23,296 [root] INFO: labels: Big-Blue-Bad  conf: tensor([0.9268])
2025-01-22 10:42:23,297 [root] INFO: Pausing operations...
2025-01-22 10:42:23,298 [root] INFO: Pausing operations...
2025-01-22 10:42:23,303 [root] INFO: Bad position detected!
2025-01-22 10:42:23,304 [root] INFO: digital output 2 is True
2025-01-22 10:42:23,903 [root] INFO: start/resume button pressed
2025-01-22 10:42:23,905 [root] INFO: Resuming operations...
2025-01-22 10:42:28,305 [root] INFO: digital output 2 is False
2025-01-22 10:42:28,407 [root] INFO: labels: Big-Blue  conf: tensor([0.9633])
2025-01-22 10:42:28,409 [root] INFO: labels: Big-Blue  conf: tensor([0.9551])
2025-01-22 10:42:28,410 [root] INFO: labels: Hand  conf: tensor([0.8737])
2025-01-22 10:42:28,512 [root] INFO: labels: Big-Blue  conf: tensor([0.9533])
2025-01-22 10:42:28,514 [root] INFO: labels: Big-Blue  conf: tensor([0.9050])
2025-01-22 10:42:28,514 [root] INFO: labels: Hand  conf: tensor([0.8985])
2025-01-22 10:42:28,620 [root] INFO: labels: Big-Blue  conf: tensor([0.9538])
2025-01-22 10:42:28,622 [root] INFO: labels: Hand  conf: tensor([0.8767])
2025-01-22 10:42:28,623 [root] INFO: labels: Big-Blue  conf: tensor([0.7816])
2025-01-22 10:42:28,730 [root] INFO: labels: Big-Blue  conf: tensor([0.9555])
2025-01-22 10:42:28,731 [root] INFO: labels: Big-Blue  conf: tensor([0.9337])
2025-01-22 10:42:28,732 [root] INFO: labels: Hand  conf: tensor([0.8933])
2025-01-22 10:42:28,841 [root] INFO: labels: Big-Blue  conf: tensor([0.9567])
2025-01-22 10:42:28,843 [root] INFO: labels: Big-Blue  conf: tensor([0.9532])
2025-01-22 10:42:28,845 [root] INFO: labels: Hand  conf: tensor([0.8502])
2025-01-22 10:42:28,952 [root] INFO: labels: Big-Blue  conf: tensor([0.9601])
2025-01-22 10:42:28,954 [root] INFO: labels: Big-Blue  conf: tensor([0.9533])
2025-01-22 10:42:28,955 [root] INFO: labels: Hand  conf: tensor([0.9190])
2025-01-22 10:42:29,064 [root] INFO: labels: Big-Blue  conf: tensor([0.9547])
2025-01-22 10:42:29,066 [root] INFO: labels: Hand  conf: tensor([0.9295])
2025-01-22 10:42:29,067 [root] INFO: labels: Big-Blue  conf: tensor([0.7499])
2025-01-22 10:42:29,172 [root] INFO: labels: Big-Blue  conf: tensor([0.9552])
2025-01-22 10:42:29,173 [root] INFO: labels: Big-Blue  conf: tensor([0.9287])
2025-01-22 10:42:29,175 [root] INFO: labels: Hand  conf: tensor([0.9054])
2025-01-22 10:42:29,285 [root] INFO: labels: Big-Blue  conf: tensor([0.9547])
2025-01-22 10:42:29,287 [root] INFO: labels: Big-Blue  conf: tensor([0.9313])
2025-01-22 10:42:29,288 [root] INFO: labels: Hand  conf: tensor([0.8952])
2025-01-22 10:42:29,391 [root] INFO: labels: Big-Blue  conf: tensor([0.9564])
2025-01-22 10:42:29,393 [root] INFO: labels: Big-Blue  conf: tensor([0.9224])
2025-01-22 10:42:29,394 [root] INFO: labels: Hand  conf: tensor([0.9126])
2025-01-22 10:42:29,504 [root] INFO: labels: Big-Blue  conf: tensor([0.9550])
2025-01-22 10:42:29,505 [root] INFO: labels: Big-Blue  conf: tensor([0.9331])
2025-01-22 10:42:29,507 [root] INFO: labels: Hand  conf: tensor([0.9117])
2025-01-22 10:42:29,607 [root] INFO: labels: Big-Blue  conf: tensor([0.9556])
2025-01-22 10:42:29,608 [root] INFO: labels: Big-Blue  conf: tensor([0.9227])
2025-01-22 10:42:29,610 [root] INFO: labels: Hand  conf: tensor([0.9113])
2025-01-22 10:42:29,709 [root] INFO: labels: Big-Blue  conf: tensor([0.9559])
2025-01-22 10:42:29,711 [root] INFO: labels: Hand  conf: tensor([0.9133])
2025-01-22 10:42:29,713 [root] INFO: labels: Big-Blue  conf: tensor([0.9055])
2025-01-22 10:42:29,820 [root] INFO: labels: Big-Blue  conf: tensor([0.9563])
2025-01-22 10:42:29,822 [root] INFO: labels: Big-Blue  conf: tensor([0.9322])
2025-01-22 10:42:29,824 [root] INFO: labels: Hand  conf: tensor([0.9117])
2025-01-22 10:42:29,928 [root] INFO: labels: Big-Blue  conf: tensor([0.9586])
2025-01-22 10:42:29,929 [root] INFO: labels: Big-Blue  conf: tensor([0.9359])
2025-01-22 10:42:29,930 [root] INFO: labels: Hand  conf: tensor([0.9095])
2025-01-22 10:42:30,054 [root] INFO: labels: Big-Blue  conf: tensor([0.9590])
2025-01-22 10:42:30,056 [root] INFO: labels: Big-Blue  conf: tensor([0.9422])
2025-01-22 10:42:30,058 [root] INFO: labels: Hand  conf: tensor([0.8938])
2025-01-22 10:42:30,182 [root] INFO: labels: Big-Blue  conf: tensor([0.9583])
2025-01-22 10:42:30,183 [root] INFO: labels: Big-Blue  conf: tensor([0.9318])
2025-01-22 10:42:30,184 [root] INFO: labels: Hand  conf: tensor([0.9055])
2025-01-22 10:42:30,300 [root] INFO: labels: Big-Blue  conf: tensor([0.9571])
2025-01-22 10:42:30,302 [root] INFO: labels: Big-Blue  conf: tensor([0.9252])
2025-01-22 10:42:30,304 [root] INFO: labels: Hand  conf: tensor([0.9237])
2025-01-22 10:42:30,408 [root] INFO: labels: Big-Blue  conf: tensor([0.9570])
2025-01-22 10:42:30,408 [root] INFO: labels: Big-Blue  conf: tensor([0.9269])
2025-01-22 10:42:30,409 [root] INFO: labels: Hand  conf: tensor([0.9132])
2025-01-22 10:42:30,519 [root] INFO: labels: Big-Blue  conf: tensor([0.9563])
2025-01-22 10:42:30,520 [root] INFO: labels: Big-Blue  conf: tensor([0.9331])
2025-01-22 10:42:30,522 [root] INFO: labels: Hand  conf: tensor([0.9181])
2025-01-22 10:42:30,629 [root] INFO: labels: Big-Blue  conf: tensor([0.9571])
2025-01-22 10:42:30,630 [root] INFO: labels: Big-Blue  conf: tensor([0.9529])
2025-01-22 10:42:30,631 [root] INFO: labels: Hand  conf: tensor([0.9118])
2025-01-22 10:42:30,735 [root] INFO: labels: Big-Blue  conf: tensor([0.9573])
2025-01-22 10:42:30,737 [root] INFO: labels: Big-Blue  conf: tensor([0.9510])
2025-01-22 10:42:30,738 [root] INFO: labels: Hand  conf: tensor([0.9170])
2025-01-22 10:42:30,849 [root] INFO: labels: Big-Blue  conf: tensor([0.9562])
2025-01-22 10:42:30,850 [root] INFO: labels: Big-Blue  conf: tensor([0.9077])
2025-01-22 10:42:30,851 [root] INFO: labels: Hand  conf: tensor([0.8851])
2025-01-22 10:42:30,959 [root] INFO: labels: Big-Blue  conf: tensor([0.9554])
2025-01-22 10:42:30,961 [root] INFO: labels: Big-Blue  conf: tensor([0.9342])
2025-01-22 10:42:30,962 [root] INFO: labels: Hand  conf: tensor([0.9087])
2025-01-22 10:42:31,072 [root] INFO: labels: Big-Blue  conf: tensor([0.9550])
2025-01-22 10:42:31,073 [root] INFO: labels: Big-Blue  conf: tensor([0.9210])
2025-01-22 10:42:31,074 [root] INFO: labels: Hand  conf: tensor([0.9006])
2025-01-22 10:42:31,180 [root] INFO: labels: Big-Blue  conf: tensor([0.9555])
2025-01-22 10:42:31,181 [root] INFO: labels: Hand  conf: tensor([0.8917])
2025-01-22 10:42:31,183 [root] INFO: labels: Big-Blue  conf: tensor([0.8431])
2025-01-22 10:42:31,289 [root] INFO: labels: Big-Blue  conf: tensor([0.9533])
2025-01-22 10:42:31,289 [root] INFO: labels: Hand  conf: tensor([0.9071])
2025-01-22 10:42:31,290 [root] INFO: labels: Big-Blue  conf: tensor([0.7259])
2025-01-22 10:42:31,291 [root] INFO: labels: Big-Blue-Bad  conf: tensor([0.4910])
2025-01-22 10:42:31,399 [root] INFO: labels: Big-Blue  conf: tensor([0.9532])
2025-01-22 10:42:31,401 [root] INFO: labels: Big-Blue  conf: tensor([0.9428])
2025-01-22 10:42:31,402 [root] INFO: labels: Hand  conf: tensor([0.9015])
2025-01-22 10:42:31,502 [root] INFO: labels: Big-Blue  conf: tensor([0.9545])
2025-01-22 10:42:31,504 [root] INFO: labels: Big-Blue  conf: tensor([0.9540])
2025-01-22 10:42:31,505 [root] INFO: labels: Hand  conf: tensor([0.9079])
2025-01-22 10:42:31,610 [root] INFO: labels: Big-Blue  conf: tensor([0.9551])
2025-01-22 10:42:31,611 [root] INFO: labels: Hand  conf: tensor([0.9263])
2025-01-22 10:42:31,613 [root] INFO: labels: Big-Blue  conf: tensor([0.8746])
2025-01-22 10:42:55,893 [root] INFO: This is an info message.
2025-01-22 10:42:55,893 [root] WARNING: This is a warning message.
2025-01-22 10:42:58,454 [root] INFO: test 123
2025-01-22 10:43:00,727 [root] INFO: Connected to robot: 192.168.0.1 on attempt 1
2025-01-22 10:43:00,728 [root] INFO: tcp pos: [-0.6638982594474651, -0.0849260327897198, 0.5297364109581969, -2.1949849488229156, -2.2205899524481443, -0.003921936739527548]
2025-01-22 10:43:01,229 [root] INFO: Starting display thread...
2025-01-22 10:43:05,973 [root] INFO: start/resume button pressed
2025-01-22 10:43:05,975 [root] INFO: start new machine thread!
2025-01-22 10:43:05,976 [root] INFO: Starting Boxing Machine...
2025-01-22 10:43:05,976 [root] INFO: In main loop
2025-01-22 10:43:05,976 [root] INFO: move to normal working mode
2025-01-22 10:43:08,946 [root] INFO: Detected object: vertical with confidence 0.6943548321723938 at position 1
2025-01-22 10:43:10,351 [root] INFO: Detected object: horizontal with confidence 0.5177034139633179 at position 2
2025-01-22 10:43:10,352 [root] INFO: Detected object: horizontal with confidence 0.48176687955856323 at position 2
2025-01-22 10:43:10,353 [root] INFO: Orientation detection complete: {'box_0': 'vertical', 'box_1': 'horizontal'}
2025-01-22 10:43:10,354 [root] INFO: box orientations: {'box_0': 'vertical', 'box_1': 'horizontal'}
2025-01-22 10:43:12,684 [root] INFO: start capturing frames
2025-01-22 10:43:12,795 [root] INFO: labels: Big-Blue  conf: tensor([0.9610])
2025-01-22 10:43:12,796 [root] INFO: labels: Big-Blue  conf: tensor([0.9576])
2025-01-22 10:43:12,895 [root] INFO: labels: Big-Blue  conf: tensor([0.9605])
2025-01-22 10:43:12,896 [root] INFO: labels: Big-Blue  conf: tensor([0.9572])
2025-01-22 10:43:12,993 [root] INFO: labels: Big-Blue  conf: tensor([0.9596])
2025-01-22 10:43:12,994 [root] INFO: labels: Big-Blue  conf: tensor([0.9572])
2025-01-22 10:43:13,097 [root] INFO: labels: Big-Blue  conf: tensor([0.9589])
2025-01-22 10:43:13,098 [root] INFO: labels: Big-Blue  conf: tensor([0.9573])
2025-01-22 10:43:13,203 [root] INFO: labels: Big-Blue  conf: tensor([0.9572])
2025-01-22 10:43:13,204 [root] INFO: labels: Big-Blue  conf: tensor([0.9558])
2025-01-22 10:43:13,301 [root] INFO: labels: Big-Blue  conf: tensor([0.9572])
2025-01-22 10:43:13,302 [root] INFO: labels: Big-Blue  conf: tensor([0.9559])
2025-01-22 10:43:13,397 [root] INFO: labels: Big-Blue  conf: tensor([0.9574])
2025-01-22 10:43:13,399 [root] INFO: labels: Big-Blue  conf: tensor([0.9565])
2025-01-22 10:43:13,499 [root] INFO: labels: Big-Blue  conf: tensor([0.9573])
2025-01-22 10:43:13,500 [root] INFO: labels: Big-Blue  conf: tensor([0.9553])
2025-01-22 10:43:13,591 [root] INFO: labels: Big-Blue  conf: tensor([0.9576])
2025-01-22 10:43:13,592 [root] INFO: labels: Big-Blue  conf: tensor([0.9535])
2025-01-22 10:43:13,692 [root] INFO: labels: Big-Blue  conf: tensor([0.9567])
2025-01-22 10:43:13,693 [root] INFO: labels: Big-Blue  conf: tensor([0.9493])
2025-01-22 10:43:13,787 [root] INFO: labels: Big-Blue  conf: tensor([0.9575])
2025-01-22 10:43:13,788 [root] INFO: labels: Big-Blue  conf: tensor([0.9558])
2025-01-22 10:43:13,887 [root] INFO: labels: Big-Blue  conf: tensor([0.9573])
2025-01-22 10:43:13,888 [root] INFO: labels: Big-Blue  conf: tensor([0.9555])
2025-01-22 10:43:13,989 [root] INFO: labels: Big-Blue  conf: tensor([0.9574])
2025-01-22 10:43:13,990 [root] INFO: labels: Big-Blue  conf: tensor([0.9546])
2025-01-22 10:43:14,088 [root] INFO: labels: Big-Blue  conf: tensor([0.9564])
2025-01-22 10:43:14,089 [root] INFO: labels: Big-Blue  conf: tensor([0.9536])
2025-01-22 10:43:14,188 [root] INFO: labels: Big-Blue  conf: tensor([0.9570])
2025-01-22 10:43:14,189 [root] INFO: labels: Big-Blue  conf: tensor([0.9536])
2025-01-22 10:43:14,292 [root] INFO: labels: Big-Blue  conf: tensor([0.9577])
2025-01-22 10:43:14,293 [root] INFO: labels: Big-Blue  conf: tensor([0.9559])
2025-01-22 10:43:14,387 [root] INFO: labels: Big-Blue  conf: tensor([0.9574])
2025-01-22 10:43:14,388 [root] INFO: labels: Big-Blue  conf: tensor([0.9542])
2025-01-22 10:43:14,485 [root] INFO: labels: Big-Blue  conf: tensor([0.9575])
2025-01-22 10:43:14,486 [root] INFO: labels: Big-Blue  conf: tensor([0.9562])
2025-01-22 10:43:14,596 [root] INFO: labels: Big-Blue  conf: tensor([0.9567])
2025-01-22 10:43:14,597 [root] INFO: labels: Big-Blue  conf: tensor([0.9553])
2025-01-22 10:43:14,608 [root] INFO: Pausing operations...
2025-01-22 10:43:14,709 [root] INFO: labels: Big-Blue  conf: tensor([0.9571])
2025-01-22 10:43:14,710 [root] INFO: labels: Big-Blue  conf: tensor([0.9556])
2025-01-22 10:43:18,513 [root] INFO: start/resume button pressed
2025-01-22 10:43:18,515 [root] INFO: Resuming operations...
2025-01-22 10:43:18,619 [root] INFO: labels: Big-Blue  conf: tensor([0.9574])
2025-01-22 10:43:18,620 [root] INFO: labels: Big-Blue  conf: tensor([0.9561])
2025-01-22 10:43:18,713 [root] INFO: labels: Big-Blue  conf: tensor([0.9573])
2025-01-22 10:43:18,714 [root] INFO: labels: Big-Blue  conf: tensor([0.9514])
2025-01-22 10:43:18,818 [root] INFO: labels: Big-Blue  conf: tensor([0.9577])
2025-01-22 10:43:18,819 [root] INFO: labels: Big-Blue  conf: tensor([0.9553])
2025-01-22 10:43:18,914 [root] INFO: labels: Big-Blue  conf: tensor([0.9574])
2025-01-22 10:43:18,915 [root] INFO: labels: Big-Blue  conf: tensor([0.9517])
2025-01-22 10:43:19,009 [root] INFO: labels: Big-Blue  conf: tensor([0.9565])
2025-01-22 10:43:19,011 [root] INFO: labels: Big-Blue  conf: tensor([0.9563])
2025-01-22 10:43:19,104 [root] INFO: labels: Big-Blue  conf: tensor([0.9567])
2025-01-22 10:43:19,104 [root] INFO: labels: Big-Blue  conf: tensor([0.9546])
2025-01-22 10:43:19,206 [root] INFO: labels: Big-Blue  conf: tensor([0.9569])
2025-01-22 10:43:19,208 [root] INFO: labels: Big-Blue  conf: tensor([0.9528])
2025-01-22 10:43:19,302 [root] INFO: labels: Big-Blue  conf: tensor([0.9581])
2025-01-22 10:43:19,304 [root] INFO: labels: Big-Blue  conf: tensor([0.9558])
2025-01-22 10:43:19,404 [root] INFO: labels: Big-Blue  conf: tensor([0.9569])
2025-01-22 10:43:19,405 [root] INFO: labels: Big-Blue  conf: tensor([0.9537])
2025-01-22 10:43:19,500 [root] INFO: labels: Big-Blue  conf: tensor([0.9573])
2025-01-22 10:43:19,501 [root] INFO: labels: Big-Blue  conf: tensor([0.9547])
2025-01-22 10:43:19,605 [root] INFO: labels: Big-Blue  conf: tensor([0.9572])
2025-01-22 10:43:19,606 [root] INFO: labels: Big-Blue  conf: tensor([0.9507])
2025-01-22 10:43:19,702 [root] INFO: labels: Big-Blue  conf: tensor([0.9573])
2025-01-22 10:43:19,703 [root] INFO: labels: Big-Blue  conf: tensor([0.9536])
2025-01-22 10:43:19,805 [root] INFO: labels: Big-Blue  conf: tensor([0.9575])
2025-01-22 10:43:19,806 [root] INFO: labels: Big-Blue  conf: tensor([0.9552])
2025-01-22 10:43:19,902 [root] INFO: labels: Big-Blue  conf: tensor([0.9571])
2025-01-22 10:43:19,903 [root] INFO: labels: Big-Blue  conf: tensor([0.9546])
2025-01-22 10:43:20,004 [root] INFO: labels: Big-Blue  conf: tensor([0.9572])
2025-01-22 10:43:20,006 [root] INFO: labels: Big-Blue  conf: tensor([0.9553])
2025-01-22 10:43:20,109 [root] INFO: labels: Big-Blue  conf: tensor([0.9572])
2025-01-22 10:43:20,110 [root] INFO: labels: Big-Blue  conf: tensor([0.9572])
2025-01-22 10:43:20,209 [root] INFO: labels: Big-Blue  conf: tensor([0.9572])
2025-01-22 10:43:20,210 [root] INFO: labels: Big-Blue  conf: tensor([0.9559])
2025-01-22 10:43:20,309 [root] INFO: labels: Big-Blue  conf: tensor([0.9577])
2025-01-22 10:43:20,310 [root] INFO: labels: Big-Blue  conf: tensor([0.9554])
2025-01-22 10:43:20,410 [root] INFO: labels: Big-Blue  conf: tensor([0.9569])
2025-01-22 10:43:20,411 [root] INFO: labels: Big-Blue  conf: tensor([0.9541])
2025-01-22 10:43:20,508 [root] INFO: labels: Big-Blue  conf: tensor([0.9571])
2025-01-22 10:43:20,509 [root] INFO: labels: Big-Blue  conf: tensor([0.9538])
2025-01-22 10:43:20,610 [root] INFO: labels: Big-Blue  conf: tensor([0.9574])
2025-01-22 10:43:20,611 [root] INFO: labels: Big-Blue  conf: tensor([0.9568])
2025-01-22 10:43:20,707 [root] INFO: labels: Big-Blue  conf: tensor([0.9572])
2025-01-22 10:43:20,709 [root] INFO: labels: Big-Blue  conf: tensor([0.9559])
2025-01-22 10:43:20,807 [root] INFO: labels: Big-Blue  conf: tensor([0.9569])
2025-01-22 10:43:20,808 [root] INFO: labels: Big-Blue  conf: tensor([0.9554])
2025-01-22 10:43:20,902 [root] INFO: labels: Big-Blue  conf: tensor([0.9569])
2025-01-22 10:43:20,903 [root] INFO: labels: Big-Blue  conf: tensor([0.9535])
2025-01-22 10:43:21,005 [root] INFO: labels: Big-Blue  conf: tensor([0.9570])
2025-01-22 10:43:21,006 [root] INFO: labels: Big-Blue  conf: tensor([0.9536])
2025-01-22 10:43:21,101 [root] INFO: labels: Big-Blue  conf: tensor([0.9582])
2025-01-22 10:43:21,102 [root] INFO: labels: Big-Blue  conf: tensor([0.9479])
2025-01-22 10:43:21,201 [root] INFO: labels: Big-Blue  conf: tensor([0.9579])
2025-01-22 10:43:21,202 [root] INFO: labels: Big-Blue  conf: tensor([0.9576])
2025-01-22 10:43:21,298 [root] INFO: labels: Big-Blue  conf: tensor([0.9576])
2025-01-22 10:43:21,299 [root] INFO: labels: Big-Blue  conf: tensor([0.9552])
2025-01-22 10:43:21,400 [root] INFO: labels: Big-Blue  conf: tensor([0.9571])
2025-01-22 10:43:21,400 [root] INFO: labels: Big-Blue  conf: tensor([0.9554])
2025-01-22 10:43:21,502 [root] INFO: labels: Big-Blue  conf: tensor([0.9577])
2025-01-22 10:43:21,503 [root] INFO: labels: Big-Blue  conf: tensor([0.9562])
2025-01-22 10:43:21,608 [root] INFO: labels: Big-Blue  conf: tensor([0.9573])
2025-01-22 10:43:21,610 [root] INFO: labels: Big-Blue  conf: tensor([0.9539])
2025-01-22 10:43:21,710 [root] INFO: labels: Big-Blue  conf: tensor([0.9563])
2025-01-22 10:43:21,710 [root] INFO: labels: Big-Blue  conf: tensor([0.9536])
2025-01-22 10:43:21,807 [root] INFO: labels: Big-Blue  conf: tensor([0.9572])
2025-01-22 10:43:21,808 [root] INFO: labels: Big-Blue  conf: tensor([0.9539])
2025-01-22 10:43:21,908 [root] INFO: labels: Big-Blue  conf: tensor([0.9574])
2025-01-22 10:43:21,909 [root] INFO: labels: Big-Blue  conf: tensor([0.9522])
2025-01-22 10:43:22,013 [root] INFO: labels: Big-Blue  conf: tensor([0.9565])
2025-01-22 10:43:22,014 [root] INFO: labels: Big-Blue  conf: tensor([0.9546])
2025-01-22 10:43:22,105 [root] INFO: labels: Big-Blue  conf: tensor([0.9571])
2025-01-22 10:43:22,106 [root] INFO: labels: Big-Blue  conf: tensor([0.9520])
2025-01-22 10:43:22,197 [root] INFO: labels: Big-Blue  conf: tensor([0.9569])
2025-01-22 10:43:22,198 [root] INFO: labels: Big-Blue  conf: tensor([0.9547])
2025-01-22 10:43:22,291 [root] INFO: labels: Big-Blue  conf: tensor([0.9578])
2025-01-22 10:43:22,292 [root] INFO: labels: Big-Blue  conf: tensor([0.9556])
2025-01-22 10:43:22,388 [root] INFO: labels: Big-Blue  conf: tensor([0.9570])
2025-01-22 10:43:22,390 [root] INFO: labels: Big-Blue  conf: tensor([0.9565])
2025-01-22 10:43:22,500 [root] INFO: labels: Big-Blue  conf: tensor([0.9577])
2025-01-22 10:43:22,502 [root] INFO: labels: Big-Blue  conf: tensor([0.9570])
2025-01-22 10:43:22,599 [root] INFO: labels: Big-Blue  conf: tensor([0.9579])
2025-01-22 10:43:22,600 [root] INFO: labels: Big-Blue  conf: tensor([0.9549])
2025-01-22 10:43:22,694 [root] INFO: labels: Big-Blue  conf: tensor([0.9585])
2025-01-22 10:43:22,694 [root] INFO: labels: Big-Blue  conf: tensor([0.9573])
2025-01-22 10:43:22,790 [root] INFO: labels: Big-Blue  conf: tensor([0.9573])
2025-01-22 10:43:22,791 [root] INFO: labels: Big-Blue  conf: tensor([0.9565])
2025-01-22 10:43:22,882 [root] INFO: labels: Big-Blue  conf: tensor([0.9574])
2025-01-22 10:43:22,884 [root] INFO: labels: Big-Blue  conf: tensor([0.9519])
2025-01-22 10:43:22,984 [root] INFO: labels: Big-Blue  conf: tensor([0.9579])
2025-01-22 10:43:22,985 [root] INFO: labels: Big-Blue  conf: tensor([0.9540])
2025-01-22 10:43:23,082 [root] INFO: labels: Big-Blue  conf: tensor([0.9577])
2025-01-22 10:43:23,083 [root] INFO: labels: Big-Blue  conf: tensor([0.9569])
2025-01-22 10:43:23,182 [root] INFO: labels: Big-Blue  conf: tensor([0.9572])
2025-01-22 10:43:23,183 [root] INFO: labels: Big-Blue  conf: tensor([0.9555])
2025-01-22 10:43:23,285 [root] INFO: labels: Big-Blue  conf: tensor([0.9582])
2025-01-22 10:43:23,287 [root] INFO: labels: Big-Blue  conf: tensor([0.9569])
2025-01-22 10:43:23,378 [root] INFO: labels: Big-Blue  conf: tensor([0.9572])
2025-01-22 10:43:23,379 [root] INFO: labels: Big-Blue  conf: tensor([0.9562])
2025-01-22 10:43:23,474 [root] INFO: labels: Big-Blue  conf: tensor([0.9567])
2025-01-22 10:43:23,475 [root] INFO: labels: Big-Blue  conf: tensor([0.9529])
2025-01-22 10:43:23,577 [root] INFO: labels: Big-Blue  conf: tensor([0.9573])
2025-01-22 10:43:23,577 [root] INFO: labels: Big-Blue  conf: tensor([0.9521])
2025-01-22 10:43:23,674 [root] INFO: labels: Big-Blue  conf: tensor([0.9571])
2025-01-22 10:43:23,675 [root] INFO: labels: Big-Blue  conf: tensor([0.9555])
2025-01-22 10:43:23,773 [root] INFO: labels: Big-Blue  conf: tensor([0.9568])
2025-01-22 10:43:23,774 [root] INFO: labels: Big-Blue  conf: tensor([0.9516])
2025-01-22 10:43:23,867 [root] INFO: labels: Big-Blue  conf: tensor([0.9572])
2025-01-22 10:43:23,867 [root] INFO: labels: Big-Blue  conf: tensor([0.9556])
2025-01-22 10:43:23,969 [root] INFO: labels: Big-Blue  conf: tensor([0.9577])
2025-01-22 10:43:23,970 [root] INFO: labels: Big-Blue  conf: tensor([0.9497])
2025-01-22 10:43:24,076 [root] INFO: labels: Big-Blue  conf: tensor([0.9570])
2025-01-22 10:43:24,077 [root] INFO: labels: Big-Blue  conf: tensor([0.9558])
2025-01-22 10:43:24,182 [root] INFO: labels: Big-Blue  conf: tensor([0.9575])
2025-01-22 10:43:24,183 [root] INFO: labels: Big-Blue  conf: tensor([0.9553])
2025-01-22 10:43:24,287 [root] INFO: labels: Big-Blue  conf: tensor([0.9570])
2025-01-22 10:43:24,288 [root] INFO: labels: Big-Blue  conf: tensor([0.9541])
2025-01-22 10:43:24,387 [root] INFO: labels: Big-Blue  conf: tensor([0.9575])
2025-01-22 10:43:24,388 [root] INFO: labels: Big-Blue  conf: tensor([0.9547])
2025-01-22 10:43:24,477 [root] INFO: labels: Big-Blue  conf: tensor([0.9573])
2025-01-22 10:43:24,479 [root] INFO: labels: Big-Blue  conf: tensor([0.9536])
2025-01-22 10:43:24,571 [root] INFO: labels: Big-Blue  conf: tensor([0.9570])
2025-01-22 10:43:24,572 [root] INFO: labels: Big-Blue  conf: tensor([0.9544])
2025-01-22 10:43:24,667 [root] INFO: labels: Big-Blue  conf: tensor([0.9574])
2025-01-22 10:43:24,668 [root] INFO: labels: Big-Blue  conf: tensor([0.9539])
2025-01-22 10:43:24,769 [root] INFO: labels: Big-Blue  conf: tensor([0.9574])
2025-01-22 10:43:24,770 [root] INFO: labels: Big-Blue  conf: tensor([0.9568])
2025-01-22 10:43:24,858 [root] INFO: labels: Big-Blue  conf: tensor([0.9573])
2025-01-22 10:43:24,859 [root] INFO: labels: Big-Blue  conf: tensor([0.9557])
2025-01-22 10:43:24,953 [root] INFO: labels: Big-Blue  conf: tensor([0.9574])
2025-01-22 10:43:24,954 [root] INFO: labels: Big-Blue  conf: tensor([0.9557])
2025-01-22 10:51:02,167 [root] INFO: This is an info message.
2025-01-22 10:51:02,168 [root] WARNING: This is a warning message.
2025-01-22 10:51:04,225 [root] INFO: Connected to robot: 192.168.0.1 on attempt 1
2025-01-22 10:51:04,256 [root] INFO: stopped connection with robot
